INFO:aiogram.dispatcher:Start polling
INFO:aiogram.dispatcher:Run polling for bot @myquizdrm_bot id=7692597392 - 'Генератор футбольной команды'
INFO:aiogram.event:Update id=281710816 is handled. Duration 401 ms by bot id=7692597392
INFO:aiogram.event:Update id=281710817 is handled. Duration 267 ms by bot id=7692597392
INFO:aiogram.event:Update id=281710818 is handled. Duration 274 ms by bot id=7692597392
INFO:aiogram.event:Update id=281710819 is handled. Duration 296 ms by bot id=7692597392
INFO:aiogram.event:Update id=281710820 is handled. Duration 382 ms by bot id=7692597392
INFO:aiogram.event:Update id=281710821 is handled. Duration 531 ms by bot id=7692597392
INFO:aiogram.event:Update id=281710822 is handled. Duration 386 ms by bot id=7692597392
INFO:aiogram.event:Update id=281710823 is handled. Duration 388 ms by bot id=7692597392
INFO:aiogram.event:Update id=281710824 is handled. Duration 645 ms by bot id=7692597392
INFO:aiogram.event:Update id=281710825 is handled. Duration 590 ms by bot id=7692597392
INFO:aiogram.event:Update id=281710826 is handled. Duration 516 ms by bot id=7692597392
INFO:aiogram.event:Update id=281710827 is handled. Duration 430 ms by bot id=7692597392
INFO:aiogram.event:Update id=281710828 is handled. Duration 439 ms by bot id=7692597392
INFO:aiogram.event:Update id=281710829 is handled. Duration 388 ms by bot id=7692597392
INFO:aiogram.event:Update id=281710830 is handled. Duration 397 ms by bot id=7692597392
INFO:aiogram.event:Update id=281710831 is handled. Duration 433 ms by bot id=7692597392
INFO:aiogram.event:Update id=281710832 is handled. Duration 427 ms by bot id=7692597392
INFO:aiogram.event:Update id=281710833 is handled. Duration 392 ms by bot id=7692597392
INFO:aiogram.event:Update id=281710834 is handled. Duration 381 ms by bot id=7692597392
INFO:aiogram.event:Update id=281710835 is handled. Duration 384 ms by bot id=7692597392
INFO:aiogram.event:Update id=281710836 is handled. Duration 399 ms by bot id=7692597392
INFO:aiogram.event:Update id=281710837 is handled. Duration 389 ms by bot id=7692597392
INFO:aiogram.event:Update id=281710838 is handled. Duration 388 ms by bot id=7692597392
INFO:aiogram.event:Update id=281710839 is handled. Duration 391 ms by bot id=7692597392
INFO:aiogram.event:Update id=281710840 is handled. Duration 378 ms by bot id=7692597392
INFO:aiogram.event:Update id=281710841 is handled. Duration 533 ms by bot id=7692597392
INFO:aiogram.event:Update id=281710842 is handled. Duration 280 ms by bot id=7692597392
INFO:aiogram.event:Update id=281710843 is handled. Duration 275 ms by bot id=7692597392
INFO:aiogram.event:Update id=281710844 is handled. Duration 262 ms by bot id=7692597392
INFO:aiogram.event:Update id=281710845 is handled. Duration 265 ms by bot id=7692597392
INFO:aiogram.event:Update id=281710846 is handled. Duration 263 ms by bot id=7692597392
INFO:aiogram.event:Update id=281710847 is handled. Duration 265 ms by bot id=7692597392
INFO:aiogram.event:Update id=281710848 is handled. Duration 138 ms by bot id=7692597392
INFO:aiogram.event:Update id=281710849 is handled. Duration 172 ms by bot id=7692597392
INFO:aiogram.event:Update id=281710850 is handled. Duration 367 ms by bot id=7692597392
INFO:aiogram.event:Update id=281710851 is handled. Duration 350 ms by bot id=7692597392
INFO:aiogram.event:Update id=281710852 is handled. Duration 273 ms by bot id=7692597392
INFO:aiogram.event:Update id=281710853 is handled. Duration 397 ms by bot id=7692597392
INFO:aiogram.event:Update id=281710854 is handled. Duration 263 ms by bot id=7692597392
INFO:aiogram.event:Update id=281710855 is handled. Duration 252 ms by bot id=7692597392
INFO:aiogram.event:Update id=281710856 is handled. Duration 361 ms by bot id=7692597392
INFO:aiogram.event:Update id=281710857 is handled. Duration 140 ms by bot id=7692597392
INFO:aiogram.event:Update id=281710858 is handled. Duration 267 ms by bot id=7692597392
INFO:aiogram.event:Update id=281710859 is handled. Duration 506 ms by bot id=7692597392
INFO:aiogram.event:Update id=281710860 is handled. Duration 375 ms by bot id=7692597392
INFO:aiogram.event:Update id=281710861 is handled. Duration 374 ms by bot id=7692597392
INFO:aiogram.event:Update id=281710862 is handled. Duration 369 ms by bot id=7692597392
INFO:aiogram.event:Update id=281710863 is handled. Duration 439 ms by bot id=7692597392
INFO:aiogram.event:Update id=281710864 is handled. Duration 438 ms by bot id=7692597392
INFO:aiogram.event:Update id=281710865 is handled. Duration 374 ms by bot id=7692597392
INFO:aiogram.event:Update id=281710866 is handled. Duration 600 ms by bot id=7692597392
INFO:aiogram.event:Update id=281710867 is handled. Duration 371 ms by bot id=7692597392
INFO:aiogram.event:Update id=281710868 is handled. Duration 398 ms by bot id=7692597392
INFO:aiogram.event:Update id=281710869 is handled. Duration 416 ms by bot id=7692597392
INFO:aiogram.event:Update id=281710870 is handled. Duration 383 ms by bot id=7692597392
INFO:aiogram.event:Update id=281710871 is handled. Duration 608 ms by bot id=7692597392
INFO:aiogram.event:Update id=281710872 is handled. Duration 548 ms by bot id=7692597392
INFO:aiogram.event:Update id=281710873 is handled. Duration 454 ms by bot id=7692597392
INFO:aiogram.event:Update id=281710874 is handled. Duration 261 ms by bot id=7692597392
INFO:aiogram.event:Update id=281710875 is handled. Duration 256 ms by bot id=7692597392
ERROR:aiogram.dispatcher:Failed to fetch updates - TelegramNetworkError: HTTP Client says - ServerDisconnectedError: Server disconnected
WARNING:aiogram.dispatcher:Sleep for 1.000000 seconds and try again... (tryings = 0, bot id = 7692597392)
INFO:aiogram.dispatcher:Connection established (tryings = 1, bot id = 7692597392)
ERROR:aiogram.dispatcher:Failed to fetch updates - TelegramNetworkError: HTTP Client says - ServerDisconnectedError: Server disconnected
WARNING:aiogram.dispatcher:Sleep for 1.000000 seconds and try again... (tryings = 0, bot id = 7692597392)
INFO:aiogram.dispatcher:Connection established (tryings = 1, bot id = 7692597392)
ERROR:aiogram.dispatcher:Failed to fetch updates - TelegramNetworkError: HTTP Client says - ServerDisconnectedError: Server disconnected
WARNING:aiogram.dispatcher:Sleep for 1.000000 seconds and try again... (tryings = 0, bot id = 7692597392)
INFO:aiogram.dispatcher:Connection established (tryings = 1, bot id = 7692597392)
INFO:aiogram.event:Update id=281710876 is handled. Duration 856 ms by bot id=7692597392
ERROR:aiogram.dispatcher:Failed to fetch updates - TelegramServerError: Telegram server says - Bad Gateway
WARNING:aiogram.dispatcher:Sleep for 1.000000 seconds and try again... (tryings = 0, bot id = 7692597392)
ERROR:aiogram.dispatcher:Failed to fetch updates - TelegramServerError: Telegram server says - Bad Gateway
WARNING:aiogram.dispatcher:Sleep for 1.254038 seconds and try again... (tryings = 1, bot id = 7692597392)
ERROR:aiogram.dispatcher:Failed to fetch updates - TelegramServerError: Telegram server says - Bad Gateway
WARNING:aiogram.dispatcher:Sleep for 1.715667 seconds and try again... (tryings = 2, bot id = 7692597392)
INFO:aiogram.dispatcher:Connection established (tryings = 3, bot id = 7692597392)
INFO:aiogram.event:Update id=281710877 is handled. Duration 351 ms by bot id=7692597392
INFO:aiogram.event:Update id=281710878 is handled. Duration 278 ms by bot id=7692597392
ERROR:aiogram.dispatcher:Failed to fetch updates - TelegramNetworkError: HTTP Client says - Request timeout error
WARNING:aiogram.dispatcher:Sleep for 1.000000 seconds and try again... (tryings = 0, bot id = 7692597392)
INFO:aiogram.dispatcher:Connection established (tryings = 1, bot id = 7692597392)
INFO:aiogram.event:Update id=281710879 is handled. Duration 422 ms by bot id=7692597392
INFO:aiogram.event:Update id=281710880 is handled. Duration 237 ms by bot id=7692597392
INFO:aiogram.event:Update id=281710881 is handled. Duration 235 ms by bot id=7692597392
INFO:aiogram.event:Update id=281710882 is handled. Duration 230 ms by bot id=7692597392
INFO:aiogram.event:Update id=281710883 is handled. Duration 335 ms by bot id=7692597392
INFO:aiogram.event:Update id=281710884 is handled. Duration 335 ms by bot id=7692597392
INFO:aiogram.event:Update id=281710885 is handled. Duration 320 ms by bot id=7692597392
INFO:aiogram.event:Update id=281710886 is handled. Duration 341 ms by bot id=7692597392
INFO:aiogram.event:Update id=281710887 is handled. Duration 340 ms by bot id=7692597392
INFO:aiogram.event:Update id=281710888 is handled. Duration 366 ms by bot id=7692597392
INFO:aiogram.event:Update id=281710889 is handled. Duration 351 ms by bot id=7692597392
INFO:aiogram.event:Update id=281710890 is handled. Duration 536 ms by bot id=7692597392
INFO:aiogram.event:Update id=281710891 is handled. Duration 348 ms by bot id=7692597392
INFO:aiogram.event:Update id=281710892 is handled. Duration 365 ms by bot id=7692597392
INFO:aiogram.event:Update id=281710893 is handled. Duration 446 ms by bot id=7692597392
INFO:aiogram.event:Update id=281710894 is handled. Duration 353 ms by bot id=7692597392
INFO:aiogram.event:Update id=281710895 is handled. Duration 353 ms by bot id=7692597392
INFO:aiogram.event:Update id=281710896 is handled. Duration 598 ms by bot id=7692597392
INFO:aiogram.event:Update id=281710897 is handled. Duration 289 ms by bot id=7692597392
INFO:aiogram.event:Update id=281710898 is handled. Duration 333 ms by bot id=7692597392
INFO:aiogram.event:Update id=281710899 is handled. Duration 231 ms by bot id=7692597392
INFO:aiogram.event:Update id=281710900 is handled. Duration 422 ms by bot id=7692597392
ERROR:aiogram.dispatcher:Failed to fetch updates - TelegramNetworkError: HTTP Client says - ServerDisconnectedError: Server disconnected
WARNING:aiogram.dispatcher:Sleep for 1.000000 seconds and try again... (tryings = 0, bot id = 7692597392)
INFO:aiogram.dispatcher:Connection established (tryings = 1, bot id = 7692597392)
INFO:aiogram.event:Update id=281710901 is handled. Duration 522 ms by bot id=7692597392
INFO:aiogram.event:Update id=281710902 is handled. Duration 279 ms by bot id=7692597392
INFO:aiogram.event:Update id=281710903 is handled. Duration 308 ms by bot id=7692597392
INFO:aiogram.event:Update id=281710904 is handled. Duration 229 ms by bot id=7692597392
INFO:aiogram.event:Update id=281710905 is handled. Duration 243 ms by bot id=7692597392
INFO:aiogram.event:Update id=281710906 is handled. Duration 447 ms by bot id=7692597392
INFO:aiogram.event:Update id=281710907 is handled. Duration 367 ms by bot id=7692597392
INFO:aiogram.event:Update id=281710908 is handled. Duration 246 ms by bot id=7692597392
INFO:aiogram.event:Update id=281710909 is handled. Duration 245 ms by bot id=7692597392
INFO:aiogram.event:Update id=281710910 is handled. Duration 202 ms by bot id=7692597392
INFO:aiogram.event:Update id=281710911 is handled. Duration 397 ms by bot id=7692597392
INFO:aiogram.event:Update id=281710912 is handled. Duration 387 ms by bot id=7692597392
INFO:aiogram.event:Update id=281710913 is handled. Duration 255 ms by bot id=7692597392
INFO:aiogram.event:Update id=281710914 is handled. Duration 123 ms by bot id=7692597392
INFO:aiogram.event:Update id=281710915 is handled. Duration 231 ms by bot id=7692597392
INFO:aiogram.event:Update id=281710916 is handled. Duration 224 ms by bot id=7692597392
INFO:aiogram.event:Update id=281710917 is handled. Duration 270 ms by bot id=7692597392
INFO:aiogram.event:Update id=281710918 is handled. Duration 188 ms by bot id=7692597392
INFO:aiogram.event:Update id=281710919 is handled. Duration 396 ms by bot id=7692597392
INFO:aiogram.event:Update id=281710920 is handled. Duration 236 ms by bot id=7692597392
INFO:aiogram.event:Update id=281710921 is handled. Duration 248 ms by bot id=7692597392
INFO:aiogram.event:Update id=281710922 is handled. Duration 129 ms by bot id=7692597392
INFO:aiogram.event:Update id=281710923 is handled. Duration 367 ms by bot id=7692597392
INFO:aiogram.event:Update id=281710924 is handled. Duration 400 ms by bot id=7692597392
INFO:aiogram.event:Update id=281710925 is handled. Duration 436 ms by bot id=7692597392
INFO:aiogram.event:Update id=281710926 is handled. Duration 210 ms by bot id=7692597392
INFO:aiogram.event:Update id=281710927 is handled. Duration 398 ms by bot id=7692597392
INFO:aiogram.event:Update id=281710928 is handled. Duration 245 ms by bot id=7692597392
INFO:aiogram.event:Update id=281710929 is handled. Duration 432 ms by bot id=7692597392
INFO:aiogram.event:Update id=281710930 is handled. Duration 149 ms by bot id=7692597392
INFO:aiogram.event:Update id=281710931 is handled. Duration 272 ms by bot id=7692597392
INFO:aiogram.event:Update id=281710932 is handled. Duration 410 ms by bot id=7692597392
INFO:aiogram.event:Update id=281710933 is handled. Duration 238 ms by bot id=7692597392
INFO:aiogram.event:Update id=281710934 is handled. Duration 124 ms by bot id=7692597392
INFO:aiogram.event:Update id=281710935 is handled. Duration 241 ms by bot id=7692597392
INFO:aiogram.event:Update id=281710936 is handled. Duration 292 ms by bot id=7692597392
INFO:aiogram.event:Update id=281710937 is handled. Duration 250 ms by bot id=7692597392
INFO:aiogram.event:Update id=281710938 is handled. Duration 133 ms by bot id=7692597392
INFO:aiogram.event:Update id=281710939 is handled. Duration 238 ms by bot id=7692597392
INFO:aiogram.event:Update id=281710940 is handled. Duration 287 ms by bot id=7692597392
INFO:aiogram.event:Update id=281710941 is handled. Duration 276 ms by bot id=7692597392
INFO:aiogram.event:Update id=281710942 is handled. Duration 129 ms by bot id=7692597392
INFO:aiogram.event:Update id=281710943 is handled. Duration 232 ms by bot id=7692597392
INFO:aiogram.event:Update id=281710944 is handled. Duration 308 ms by bot id=7692597392
INFO:aiogram.event:Update id=281710945 is handled. Duration 289 ms by bot id=7692597392
INFO:aiogram.event:Update id=281710946 is handled. Duration 130 ms by bot id=7692597392
INFO:aiogram.event:Update id=281710947 is handled. Duration 313 ms by bot id=7692597392
INFO:aiogram.event:Update id=281710948 is handled. Duration 504 ms by bot id=7692597392
INFO:aiogram.event:Update id=281710949 is handled. Duration 284 ms by bot id=7692597392
INFO:aiogram.event:Update id=281710950 is handled. Duration 163 ms by bot id=7692597392
INFO:aiogram.event:Update id=281710951 is handled. Duration 258 ms by bot id=7692597392
INFO:aiogram.event:Update id=281710952 is handled. Duration 501 ms by bot id=7692597392
INFO:aiogram.event:Update id=281710953 is handled. Duration 385 ms by bot id=7692597392
INFO:aiogram.event:Update id=281710954 is handled. Duration 188 ms by bot id=7692597392
INFO:aiogram.event:Update id=281710955 is handled. Duration 242 ms by bot id=7692597392
INFO:aiogram.event:Update id=281710956 is handled. Duration 415 ms by bot id=7692597392
INFO:aiogram.event:Update id=281710957 is handled. Duration 296 ms by bot id=7692597392
INFO:aiogram.event:Update id=281710958 is handled. Duration 558 ms by bot id=7692597392
INFO:aiogram.event:Update id=281710959 is handled. Duration 233 ms by bot id=7692597392
INFO:aiogram.event:Update id=281710960 is handled. Duration 168 ms by bot id=7692597392
INFO:aiogram.event:Update id=281710961 is handled. Duration 327 ms by bot id=7692597392
INFO:aiogram.event:Update id=281710962 is handled. Duration 576 ms by bot id=7692597392
INFO:aiogram.event:Update id=281710963 is handled. Duration 247 ms by bot id=7692597392
INFO:aiogram.event:Update id=281710964 is handled. Duration 203 ms by bot id=7692597392
INFO:aiogram.event:Update id=281710965 is handled. Duration 365 ms by bot id=7692597392
INFO:aiogram.event:Update id=281710966 is handled. Duration 552 ms by bot id=7692597392
INFO:aiogram.event:Update id=281710967 is handled. Duration 237 ms by bot id=7692597392
INFO:aiogram.event:Update id=281710968 is handled. Duration 233 ms by bot id=7692597392
INFO:aiogram.event:Update id=281710969 is handled. Duration 239 ms by bot id=7692597392
INFO:aiogram.event:Update id=281710970 is handled. Duration 333 ms by bot id=7692597392
INFO:aiogram.event:Update id=281710971 is handled. Duration 312 ms by bot id=7692597392
INFO:aiogram.event:Update id=281710972 is handled. Duration 138 ms by bot id=7692597392
INFO:aiogram.event:Update id=281710973 is handled. Duration 391 ms by bot id=7692597392
INFO:aiogram.event:Update id=281710974 is handled. Duration 309 ms by bot id=7692597392
INFO:aiogram.event:Update id=281710975 is handled. Duration 245 ms by bot id=7692597392
INFO:aiogram.event:Update id=281710976 is handled. Duration 188 ms by bot id=7692597392
INFO:aiogram.event:Update id=281710977 is handled. Duration 230 ms by bot id=7692597392
INFO:aiogram.event:Update id=281710978 is handled. Duration 398 ms by bot id=7692597392
INFO:aiogram.event:Update id=281710979 is handled. Duration 257 ms by bot id=7692597392
INFO:aiogram.event:Update id=281710980 is handled. Duration 171 ms by bot id=7692597392
INFO:aiogram.event:Update id=281710981 is handled. Duration 395 ms by bot id=7692597392
INFO:aiogram.event:Update id=281710982 is handled. Duration 385 ms by bot id=7692597392
INFO:aiogram.event:Update id=281710983 is handled. Duration 360 ms by bot id=7692597392
INFO:aiogram.event:Update id=281710984 is handled. Duration 133 ms by bot id=7692597392
INFO:aiogram.event:Update id=281710985 is handled. Duration 406 ms by bot id=7692597392
INFO:aiogram.event:Update id=281710986 is handled. Duration 438 ms by bot id=7692597392
INFO:aiogram.event:Update id=281710987 is handled. Duration 254 ms by bot id=7692597392
INFO:aiogram.event:Update id=281710988 is handled. Duration 215 ms by bot id=7692597392
INFO:aiogram.event:Update id=281710989 is handled. Duration 259 ms by bot id=7692597392
INFO:aiogram.event:Update id=281710990 is handled. Duration 241 ms by bot id=7692597392
INFO:aiogram.event:Update id=281710991 is handled. Duration 529 ms by bot id=7692597392
INFO:aiogram.event:Update id=281710992 is handled. Duration 255 ms by bot id=7692597392
INFO:aiogram.event:Update id=281710993 is handled. Duration 230 ms by bot id=7692597392
INFO:aiogram.event:Update id=281710994 is handled. Duration 257 ms by bot id=7692597392
INFO:aiogram.event:Update id=281710995 is handled. Duration 271 ms by bot id=7692597392
INFO:aiogram.event:Update id=281710996 is handled. Duration 237 ms by bot id=7692597392
INFO:aiogram.event:Update id=281710997 is handled. Duration 233 ms by bot id=7692597392
INFO:aiogram.event:Update id=281710998 is handled. Duration 154 ms by bot id=7692597392
INFO:aiogram.event:Update id=281710999 is handled. Duration 264 ms by bot id=7692597392
INFO:aiogram.event:Update id=281711000 is handled. Duration 327 ms by bot id=7692597392
INFO:aiogram.event:Update id=281711001 is handled. Duration 351 ms by bot id=7692597392
INFO:aiogram.event:Update id=281711002 is handled. Duration 482 ms by bot id=7692597392
INFO:aiogram.event:Update id=281711003 is handled. Duration 164 ms by bot id=7692597392
INFO:aiogram.event:Update id=281711004 is handled. Duration 321 ms by bot id=7692597392
INFO:aiogram.event:Update id=281711005 is handled. Duration 283 ms by bot id=7692597392
INFO:aiogram.event:Update id=281711006 is handled. Duration 329 ms by bot id=7692597392
INFO:aiogram.event:Update id=281711007 is handled. Duration 248 ms by bot id=7692597392
INFO:aiogram.event:Update id=281711008 is handled. Duration 156 ms by bot id=7692597392
INFO:aiogram.event:Update id=281711009 is handled. Duration 416 ms by bot id=7692597392
INFO:aiogram.event:Update id=281711010 is handled. Duration 223 ms by bot id=7692597392
INFO:aiogram.event:Update id=281711011 is handled. Duration 420 ms by bot id=7692597392
INFO:aiogram.event:Update id=281711012 is handled. Duration 250 ms by bot id=7692597392
INFO:aiogram.event:Update id=281711013 is handled. Duration 144 ms by bot id=7692597392
INFO:aiogram.event:Update id=281711014 is handled. Duration 252 ms by bot id=7692597392
INFO:aiogram.event:Update id=281711015 is handled. Duration 333 ms by bot id=7692597392
INFO:aiogram.event:Update id=281711016 is handled. Duration 485 ms by bot id=7692597392
INFO:aiogram.event:Update id=281711017 is handled. Duration 409 ms by bot id=7692597392
INFO:aiogram.event:Update id=281711018 is handled. Duration 138 ms by bot id=7692597392
INFO:aiogram.event:Update id=281711019 is handled. Duration 426 ms by bot id=7692597392
INFO:aiogram.event:Update id=281711020 is handled. Duration 264 ms by bot id=7692597392
INFO:aiogram.event:Update id=281711021 is handled. Duration 260 ms by bot id=7692597392
INFO:aiogram.event:Update id=281711022 is handled. Duration 254 ms by bot id=7692597392
INFO:aiogram.event:Update id=281711023 is handled. Duration 149 ms by bot id=7692597392
INFO:aiogram.event:Update id=281711024 is handled. Duration 337 ms by bot id=7692597392
INFO:aiogram.event:Update id=281711025 is handled. Duration 399 ms by bot id=7692597392
INFO:aiogram.event:Update id=281711026 is handled. Duration 362 ms by bot id=7692597392
INFO:aiogram.event:Update id=281711027 is handled. Duration 326 ms by bot id=7692597392
INFO:aiogram.event:Update id=281711028 is handled. Duration 159 ms by bot id=7692597392
INFO:aiogram.event:Update id=281711029 is handled. Duration 238 ms by bot id=7692597392
INFO:aiogram.event:Update id=281711030 is handled. Duration 375 ms by bot id=7692597392
INFO:aiogram.event:Update id=281711031 is handled. Duration 501 ms by bot id=7692597392
INFO:aiogram.event:Update id=281711032 is handled. Duration 399 ms by bot id=7692597392
INFO:aiogram.event:Update id=281711033 is handled. Duration 174 ms by bot id=7692597392
INFO:aiogram.event:Update id=281711034 is handled. Duration 386 ms by bot id=7692597392
INFO:aiogram.event:Update id=281711035 is handled. Duration 481 ms by bot id=7692597392
INFO:aiogram.event:Update id=281711036 is handled. Duration 419 ms by bot id=7692597392
INFO:aiogram.event:Update id=281711037 is handled. Duration 232 ms by bot id=7692597392
INFO:aiogram.event:Update id=281711038 is handled. Duration 126 ms by bot id=7692597392
INFO:aiogram.event:Update id=281711039 is handled. Duration 385 ms by bot id=7692597392
INFO:aiogram.event:Update id=281711040 is handled. Duration 247 ms by bot id=7692597392
INFO:aiogram.event:Update id=281711041 is handled. Duration 410 ms by bot id=7692597392
INFO:aiogram.event:Update id=281711042 is handled. Duration 273 ms by bot id=7692597392
INFO:aiogram.event:Update id=281711043 is handled. Duration 278 ms by bot id=7692597392
INFO:aiogram.event:Update id=281711044 is handled. Duration 288 ms by bot id=7692597392
INFO:aiogram.event:Update id=281711045 is handled. Duration 371 ms by bot id=7692597392
INFO:aiogram.event:Update id=281711046 is handled. Duration 405 ms by bot id=7692597392
INFO:aiogram.event:Update id=281711047 is handled. Duration 378 ms by bot id=7692597392
INFO:aiogram.event:Update id=281711048 is handled. Duration 147 ms by bot id=7692597392
INFO:aiogram.event:Update id=281711049 is handled. Duration 287 ms by bot id=7692597392
INFO:aiogram.event:Update id=281711050 is handled. Duration 313 ms by bot id=7692597392
INFO:aiogram.event:Update id=281711051 is handled. Duration 228 ms by bot id=7692597392
INFO:aiogram.event:Update id=281711052 is handled. Duration 269 ms by bot id=7692597392
INFO:aiogram.event:Update id=281711053 is handled. Duration 176 ms by bot id=7692597392
INFO:aiogram.event:Update id=281711054 is handled. Duration 379 ms by bot id=7692597392
INFO:aiogram.event:Update id=281711055 is handled. Duration 254 ms by bot id=7692597392
INFO:aiogram.event:Update id=281711056 is handled. Duration 394 ms by bot id=7692597392
INFO:aiogram.event:Update id=281711057 is handled. Duration 308 ms by bot id=7692597392
INFO:aiogram.event:Update id=281711058 is handled. Duration 509 ms by bot id=7692597392
INFO:aiogram.event:Update id=281711059 is handled. Duration 617 ms by bot id=7692597392
INFO:aiogram.event:Update id=281711060 is handled. Duration 277 ms by bot id=7692597392
INFO:aiogram.event:Update id=281711061 is handled. Duration 141 ms by bot id=7692597392
INFO:aiogram.event:Update id=281711062 is handled. Duration 270 ms by bot id=7692597392
INFO:aiogram.event:Update id=281711063 is handled. Duration 347 ms by bot id=7692597392
INFO:aiogram.event:Update id=281711064 is handled. Duration 457 ms by bot id=7692597392
INFO:aiogram.event:Update id=281711065 is handled. Duration 298 ms by bot id=7692597392
INFO:aiogram.event:Update id=281711066 is handled. Duration 266 ms by bot id=7692597392
INFO:aiogram.event:Update id=281711067 is handled. Duration 236 ms by bot id=7692597392
INFO:aiogram.event:Update id=281711068 is handled. Duration 240 ms by bot id=7692597392
INFO:aiogram.event:Update id=281711069 is handled. Duration 260 ms by bot id=7692597392
INFO:aiogram.event:Update id=281711070 is handled. Duration 233 ms by bot id=7692597392
INFO:aiogram.event:Update id=281711071 is handled. Duration 126 ms by bot id=7692597392
INFO:aiogram.event:Update id=281711072 is handled. Duration 249 ms by bot id=7692597392
INFO:aiogram.event:Update id=281711073 is handled. Duration 358 ms by bot id=7692597392
INFO:aiogram.event:Update id=281711074 is handled. Duration 365 ms by bot id=7692597392
INFO:aiogram.event:Update id=281711075 is handled. Duration 277 ms by bot id=7692597392
INFO:aiogram.event:Update id=281711076 is handled. Duration 334 ms by bot id=7692597392
INFO:aiogram.event:Update id=281711077 is handled. Duration 243 ms by bot id=7692597392
INFO:aiogram.event:Update id=281711078 is handled. Duration 231 ms by bot id=7692597392
INFO:aiogram.event:Update id=281711079 is handled. Duration 319 ms by bot id=7692597392
INFO:aiogram.event:Update id=281711080 is handled. Duration 393 ms by bot id=7692597392
INFO:aiogram.event:Update id=281711081 is handled. Duration 122 ms by bot id=7692597392
INFO:aiogram.event:Update id=281711082 is handled. Duration 312 ms by bot id=7692597392
INFO:aiogram.event:Update id=281711083 is handled. Duration 492 ms by bot id=7692597392
INFO:aiogram.event:Update id=281711084 is handled. Duration 249 ms by bot id=7692597392
INFO:aiogram.event:Update id=281711085 is handled. Duration 488 ms by bot id=7692597392
INFO:aiogram.event:Update id=281711086 is handled. Duration 223 ms by bot id=7692597392
INFO:aiogram.event:Update id=281711087 is handled. Duration 319 ms by bot id=7692597392
INFO:aiogram.event:Update id=281711088 is handled. Duration 238 ms by bot id=7692597392
INFO:aiogram.event:Update id=281711089 is handled. Duration 139 ms by bot id=7692597392
INFO:aiogram.event:Update id=281711090 is handled. Duration 303 ms by bot id=7692597392
INFO:aiogram.event:Update id=281711091 is handled. Duration 312 ms by bot id=7692597392
INFO:aiogram.event:Update id=281711092 is handled. Duration 719 ms by bot id=7692597392
INFO:aiogram.event:Update id=281711093 is handled. Duration 240 ms by bot id=7692597392
INFO:aiogram.event:Update id=281711094 is handled. Duration 151 ms by bot id=7692597392
INFO:aiogram.event:Update id=281711095 is handled. Duration 532 ms by bot id=7692597392
INFO:aiogram.event:Update id=281711096 is handled. Duration 250 ms by bot id=7692597392
INFO:aiogram.event:Update id=281711097 is handled. Duration 331 ms by bot id=7692597392
INFO:aiogram.event:Update id=281711098 is handled. Duration 365 ms by bot id=7692597392
INFO:aiogram.event:Update id=281711099 is handled. Duration 121 ms by bot id=7692597392
INFO:aiogram.event:Update id=281711100 is handled. Duration 228 ms by bot id=7692597392
INFO:aiogram.event:Update id=281711101 is handled. Duration 269 ms by bot id=7692597392
INFO:aiogram.event:Update id=281711102 is handled. Duration 226 ms by bot id=7692597392
INFO:aiogram.event:Update id=281711103 is handled. Duration 249 ms by bot id=7692597392
INFO:aiogram.event:Update id=281711104 is handled. Duration 168 ms by bot id=7692597392
INFO:aiogram.event:Update id=281711105 is handled. Duration 241 ms by bot id=7692597392
INFO:aiogram.event:Update id=281711106 is handled. Duration 390 ms by bot id=7692597392
INFO:aiogram.event:Update id=281711107 is handled. Duration 346 ms by bot id=7692597392
INFO:aiogram.event:Update id=281711108 is handled. Duration 259 ms by bot id=7692597392
INFO:aiogram.event:Update id=281711109 is handled. Duration 316 ms by bot id=7692597392
INFO:aiogram.event:Update id=281711110 is handled. Duration 256 ms by bot id=7692597392
INFO:aiogram.event:Update id=281711111 is handled. Duration 158 ms by bot id=7692597392
INFO:aiogram.event:Update id=281711112 is handled. Duration 346 ms by bot id=7692597392
INFO:aiogram.event:Update id=281711113 is handled. Duration 362 ms by bot id=7692597392
INFO:aiogram.event:Update id=281711114 is handled. Duration 342 ms by bot id=7692597392
INFO:aiogram.event:Update id=281711115 is handled. Duration 309 ms by bot id=7692597392
INFO:aiogram.event:Update id=281711116 is handled. Duration 599 ms by bot id=7692597392
INFO:aiogram.event:Update id=281711117 is handled. Duration 237 ms by bot id=7692597392
INFO:aiogram.event:Update id=281711118 is handled. Duration 136 ms by bot id=7692597392
INFO:aiogram.event:Update id=281711119 is handled. Duration 256 ms by bot id=7692597392
INFO:aiogram.event:Update id=281711120 is handled. Duration 239 ms by bot id=7692597392
INFO:aiogram.event:Update id=281711121 is handled. Duration 336 ms by bot id=7692597392
INFO:aiogram.event:Update id=281711122 is handled. Duration 349 ms by bot id=7692597392
INFO:aiogram.event:Update id=281711123 is handled. Duration 185 ms by bot id=7692597392
INFO:aiogram.event:Update id=281711124 is handled. Duration 376 ms by bot id=7692597392
INFO:aiogram.event:Update id=281711125 is handled. Duration 310 ms by bot id=7692597392
INFO:aiogram.event:Update id=281711126 is handled. Duration 699 ms by bot id=7692597392
INFO:aiogram.event:Update id=281711127 is handled. Duration 309 ms by bot id=7692597392
INFO:aiogram.event:Update id=281711128 is handled. Duration 323 ms by bot id=7692597392
INFO:aiogram.event:Update id=281711129 is handled. Duration 379 ms by bot id=7692597392
INFO:aiogram.event:Update id=281711130 is handled. Duration 416 ms by bot id=7692597392
INFO:aiogram.event:Update id=281711131 is handled. Duration 253 ms by bot id=7692597392
INFO:aiogram.event:Update id=281711132 is handled. Duration 367 ms by bot id=7692597392
INFO:aiogram.event:Update id=281711133 is handled. Duration 369 ms by bot id=7692597392
INFO:aiogram.event:Update id=281711134 is handled. Duration 628 ms by bot id=7692597392
INFO:aiogram.event:Update id=281711135 is handled. Duration 247 ms by bot id=7692597392
INFO:aiogram.event:Update id=281711136 is handled. Duration 133 ms by bot id=7692597392
INFO:aiogram.event:Update id=281711137 is handled. Duration 249 ms by bot id=7692597392
INFO:aiogram.event:Update id=281711138 is handled. Duration 316 ms by bot id=7692597392
INFO:aiogram.event:Update id=281711139 is handled. Duration 251 ms by bot id=7692597392
INFO:aiogram.event:Update id=281711140 is handled. Duration 386 ms by bot id=7692597392
INFO:aiogram.event:Update id=281711141 is handled. Duration 327 ms by bot id=7692597392
INFO:aiogram.event:Update id=281711142 is handled. Duration 379 ms by bot id=7692597392
INFO:aiogram.event:Update id=281711143 is handled. Duration 440 ms by bot id=7692597392
INFO:aiogram.event:Update id=281711144 is handled. Duration 243 ms by bot id=7692597392
INFO:aiogram.event:Update id=281711145 is handled. Duration 241 ms by bot id=7692597392
INFO:aiogram.event:Update id=281711146 is handled. Duration 231 ms by bot id=7692597392
INFO:aiogram.event:Update id=281711147 is handled. Duration 224 ms by bot id=7692597392
INFO:aiogram.event:Update id=281711148 is handled. Duration 333 ms by bot id=7692597392
INFO:aiogram.event:Update id=281711149 is handled. Duration 419 ms by bot id=7692597392
INFO:aiogram.event:Update id=281711150 is handled. Duration 144 ms by bot id=7692597392
INFO:aiogram.event:Update id=281711151 is handled. Duration 229 ms by bot id=7692597392
INFO:aiogram.event:Update id=281711152 is handled. Duration 311 ms by bot id=7692597392
INFO:aiogram.event:Update id=281711153 is handled. Duration 375 ms by bot id=7692597392
INFO:aiogram.event:Update id=281711154 is handled. Duration 491 ms by bot id=7692597392
INFO:aiogram.event:Update id=281711155 is handled. Duration 248 ms by bot id=7692597392
INFO:aiogram.event:Update id=281711156 is handled. Duration 123 ms by bot id=7692597392
INFO:aiogram.event:Update id=281711157 is handled. Duration 242 ms by bot id=7692597392
INFO:aiogram.event:Update id=281711158 is handled. Duration 263 ms by bot id=7692597392
INFO:aiogram.event:Update id=281711159 is handled. Duration 276 ms by bot id=7692597392
INFO:aiogram.event:Update id=281711160 is handled. Duration 233 ms by bot id=7692597392
INFO:aiogram.event:Update id=281711161 is handled. Duration 266 ms by bot id=7692597392
INFO:aiogram.event:Update id=281711162 is handled. Duration 135 ms by bot id=7692597392
INFO:aiogram.event:Update id=281711163 is handled. Duration 489 ms by bot id=7692597392
INFO:aiogram.event:Update id=281711164 is handled. Duration 245 ms by bot id=7692597392
INFO:aiogram.event:Update id=281711165 is handled. Duration 295 ms by bot id=7692597392
INFO:aiogram.event:Update id=281711166 is handled. Duration 411 ms by bot id=7692597392
INFO:aiogram.event:Update id=281711167 is handled. Duration 306 ms by bot id=7692597392
INFO:aiogram.event:Update id=281711168 is handled. Duration 198 ms by bot id=7692597392
INFO:aiogram.event:Update id=281711169 is handled. Duration 243 ms by bot id=7692597392
INFO:aiogram.event:Update id=281711170 is handled. Duration 314 ms by bot id=7692597392
INFO:aiogram.event:Update id=281711171 is handled. Duration 263 ms by bot id=7692597392
INFO:aiogram.event:Update id=281711172 is handled. Duration 343 ms by bot id=7692597392
INFO:aiogram.event:Update id=281711173 is handled. Duration 281 ms by bot id=7692597392
INFO:aiogram.event:Update id=281711174 is handled. Duration 231 ms by bot id=7692597392
INFO:aiogram.event:Update id=281711175 is handled. Duration 236 ms by bot id=7692597392
INFO:aiogram.event:Update id=281711176 is handled. Duration 411 ms by bot id=7692597392
INFO:aiogram.event:Update id=281711177 is handled. Duration 237 ms by bot id=7692597392
INFO:aiogram.event:Update id=281711178 is handled. Duration 382 ms by bot id=7692597392
INFO:aiogram.event:Update id=281711179 is handled. Duration 362 ms by bot id=7692597392
INFO:aiogram.event:Update id=281711180 is handled. Duration 301 ms by bot id=7692597392
INFO:aiogram.event:Update id=281711181 is handled. Duration 229 ms by bot id=7692597392
INFO:aiogram.event:Update id=281711182 is handled. Duration 443 ms by bot id=7692597392
INFO:aiogram.event:Update id=281711183 is handled. Duration 366 ms by bot id=7692597392
INFO:aiogram.event:Update id=281711184 is handled. Duration 514 ms by bot id=7692597392
INFO:aiogram.event:Update id=281711185 is handled. Duration 346 ms by bot id=7692597392
INFO:aiogram.event:Update id=281711186 is handled. Duration 221 ms by bot id=7692597392
INFO:aiogram.event:Update id=281711187 is handled. Duration 253 ms by bot id=7692597392
INFO:aiogram.event:Update id=281711188 is handled. Duration 400 ms by bot id=7692597392
INFO:aiogram.event:Update id=281711189 is handled. Duration 385 ms by bot id=7692597392
INFO:aiogram.event:Update id=281711190 is handled. Duration 697 ms by bot id=7692597392
INFO:aiogram.event:Update id=281711191 is handled. Duration 143 ms by bot id=7692597392
INFO:aiogram.event:Update id=281711192 is handled. Duration 246 ms by bot id=7692597392
INFO:aiogram.event:Update id=281711193 is handled. Duration 444 ms by bot id=7692597392
INFO:aiogram.event:Update id=281711194 is handled. Duration 128 ms by bot id=7692597392
INFO:aiogram.event:Update id=281711195 is handled. Duration 316 ms by bot id=7692597392
INFO:aiogram.event:Update id=281711196 is handled. Duration 192 ms by bot id=7692597392
INFO:aiogram.event:Update id=281711197 is handled. Duration 126 ms by bot id=7692597392
INFO:aiogram.event:Update id=281711198 is handled. Duration 125 ms by bot id=7692597392
INFO:aiogram.event:Update id=281711199 is handled. Duration 153 ms by bot id=7692597392
INFO:aiogram.event:Update id=281711200 is handled. Duration 136 ms by bot id=7692597392
INFO:aiogram.event:Update id=281711201 is handled. Duration 128 ms by bot id=7692597392
INFO:aiogram.event:Update id=281711202 is handled. Duration 148 ms by bot id=7692597392
INFO:aiogram.event:Update id=281711203 is handled. Duration 133 ms by bot id=7692597392
INFO:aiogram.event:Update id=281711204 is handled. Duration 167 ms by bot id=7692597392
INFO:aiogram.event:Update id=281711205 is handled. Duration 135 ms by bot id=7692597392
INFO:aiogram.event:Update id=281711206 is not handled. Duration 5 ms by bot id=7692597392
INFO:aiogram.event:Update id=281711207 is handled. Duration 464 ms by bot id=7692597392
INFO:aiogram.event:Update id=281711208 is handled. Duration 146 ms by bot id=7692597392
INFO:aiogram.event:Update id=281711209 is handled. Duration 243 ms by bot id=7692597392
INFO:aiogram.event:Update id=281711210 is handled. Duration 249 ms by bot id=7692597392
INFO:aiogram.event:Update id=281711211 is handled. Duration 137 ms by bot id=7692597392
INFO:aiogram.event:Update id=281711212 is handled. Duration 130 ms by bot id=7692597392
INFO:aiogram.event:Update id=281711213 is handled. Duration 156 ms by bot id=7692597392
INFO:aiogram.event:Update id=281711214 is handled. Duration 137 ms by bot id=7692597392
INFO:aiogram.event:Update id=281711215 is handled. Duration 128 ms by bot id=7692597392
INFO:aiogram.event:Update id=281711216 is handled. Duration 200 ms by bot id=7692597392
INFO:aiogram.event:Update id=281711217 is handled. Duration 133 ms by bot id=7692597392
INFO:aiogram.event:Update id=281711218 is handled. Duration 301 ms by bot id=7692597392
INFO:aiogram.event:Update id=281711219 is handled. Duration 142 ms by bot id=7692597392
INFO:aiogram.event:Update id=281711220 is handled. Duration 129 ms by bot id=7692597392
INFO:aiogram.event:Update id=281711221 is handled. Duration 129 ms by bot id=7692597392
INFO:aiogram.event:Update id=281711222 is handled. Duration 131 ms by bot id=7692597392
INFO:aiogram.event:Update id=281711223 is handled. Duration 221 ms by bot id=7692597392
INFO:aiogram.event:Update id=281711224 is handled. Duration 212 ms by bot id=7692597392
INFO:aiogram.event:Update id=281711225 is handled. Duration 179 ms by bot id=7692597392
INFO:aiogram.event:Update id=281711226 is handled. Duration 163 ms by bot id=7692597392
INFO:aiogram.event:Update id=281711227 is handled. Duration 229 ms by bot id=7692597392
INFO:aiogram.event:Update id=281711228 is handled. Duration 127 ms by bot id=7692597392
INFO:aiogram.event:Update id=281711229 is handled. Duration 351 ms by bot id=7692597392
INFO:aiogram.event:Update id=281711230 is handled. Duration 392 ms by bot id=7692597392
INFO:aiogram.event:Update id=281711231 is handled. Duration 138 ms by bot id=7692597392
INFO:aiogram.event:Update id=281711232 is handled. Duration 133 ms by bot id=7692597392
INFO:aiogram.event:Update id=281711233 is handled. Duration 219 ms by bot id=7692597392
INFO:aiogram.event:Update id=281711234 is handled. Duration 237 ms by bot id=7692597392
INFO:aiogram.event:Update id=281711235 is handled. Duration 300 ms by bot id=7692597392
INFO:aiogram.event:Update id=281711236 is handled. Duration 190 ms by bot id=7692597392
INFO:aiogram.event:Update id=281711237 is handled. Duration 214 ms by bot id=7692597392
INFO:aiogram.event:Update id=281711238 is handled. Duration 132 ms by bot id=7692597392
INFO:aiogram.event:Update id=281711239 is handled. Duration 128 ms by bot id=7692597392
INFO:aiogram.event:Update id=281711240 is handled. Duration 164 ms by bot id=7692597392
INFO:aiogram.event:Update id=281711241 is not handled. Duration 6 ms by bot id=7692597392
INFO:aiogram.event:Update id=281711242 is handled. Duration 232 ms by bot id=7692597392
INFO:aiogram.event:Update id=281711243 is handled. Duration 292 ms by bot id=7692597392
INFO:aiogram.event:Update id=281711244 is handled. Duration 227 ms by bot id=7692597392
INFO:aiogram.event:Update id=281711245 is handled. Duration 158 ms by bot id=7692597392
INFO:aiogram.event:Update id=281711246 is handled. Duration 151 ms by bot id=7692597392
INFO:aiogram.event:Update id=281711247 is handled. Duration 408 ms by bot id=7692597392
INFO:aiogram.event:Update id=281711248 is handled. Duration 180 ms by bot id=7692597392
INFO:aiogram.event:Update id=281711249 is handled. Duration 203 ms by bot id=7692597392
INFO:aiogram.event:Update id=281711250 is handled. Duration 158 ms by bot id=7692597392
INFO:aiogram.event:Update id=281711251 is handled. Duration 125 ms by bot id=7692597392
INFO:aiogram.event:Update id=281711252 is handled. Duration 145 ms by bot id=7692597392
INFO:aiogram.event:Update id=281711253 is handled. Duration 320 ms by bot id=7692597392
INFO:aiogram.event:Update id=281711254 is handled. Duration 228 ms by bot id=7692597392
INFO:aiogram.event:Update id=281711255 is handled. Duration 356 ms by bot id=7692597392
INFO:aiogram.event:Update id=281711256 is handled. Duration 274 ms by bot id=7692597392
INFO:aiogram.event:Update id=281711257 is handled. Duration 128 ms by bot id=7692597392
INFO:aiogram.event:Update id=281711258 is handled. Duration 145 ms by bot id=7692597392
INFO:aiogram.event:Update id=281711259 is handled. Duration 133 ms by bot id=7692597392
INFO:aiogram.event:Update id=281711260 is handled. Duration 137 ms by bot id=7692597392
INFO:aiogram.event:Update id=281711261 is handled. Duration 343 ms by bot id=7692597392
INFO:aiogram.event:Update id=281711262 is handled. Duration 169 ms by bot id=7692597392
INFO:aiogram.event:Update id=281711263 is handled. Duration 125 ms by bot id=7692597392
INFO:aiogram.event:Update id=281711264 is handled. Duration 138 ms by bot id=7692597392
INFO:aiogram.event:Update id=281711265 is handled. Duration 147 ms by bot id=7692597392
INFO:aiogram.event:Update id=281711266 is handled. Duration 170 ms by bot id=7692597392
INFO:aiogram.event:Update id=281711267 is handled. Duration 235 ms by bot id=7692597392
INFO:aiogram.event:Update id=281711268 is handled. Duration 140 ms by bot id=7692597392
INFO:aiogram.event:Update id=281711269 is handled. Duration 210 ms by bot id=7692597392
INFO:aiogram.event:Update id=281711270 is handled. Duration 154 ms by bot id=7692597392
INFO:aiogram.event:Update id=281711271 is handled. Duration 229 ms by bot id=7692597392
INFO:aiogram.event:Update id=281711272 is handled. Duration 133 ms by bot id=7692597392
INFO:aiogram.event:Update id=281711273 is handled. Duration 165 ms by bot id=7692597392
INFO:aiogram.event:Update id=281711274 is handled. Duration 159 ms by bot id=7692597392
INFO:aiogram.event:Update id=281711275 is handled. Duration 132 ms by bot id=7692597392
INFO:aiogram.event:Update id=281711276 is handled. Duration 230 ms by bot id=7692597392
INFO:aiogram.event:Update id=281711277 is handled. Duration 198 ms by bot id=7692597392
INFO:aiogram.event:Update id=281711278 is handled. Duration 266 ms by bot id=7692597392
INFO:aiogram.event:Update id=281711279 is handled. Duration 232 ms by bot id=7692597392
INFO:aiogram.event:Update id=281711280 is handled. Duration 145 ms by bot id=7692597392
INFO:aiogram.event:Update id=281711281 is handled. Duration 144 ms by bot id=7692597392
INFO:aiogram.event:Update id=281711282 is handled. Duration 130 ms by bot id=7692597392
INFO:aiogram.event:Update id=281711283 is handled. Duration 132 ms by bot id=7692597392
INFO:aiogram.event:Update id=281711284 is handled. Duration 135 ms by bot id=7692597392
INFO:aiogram.event:Update id=281711285 is handled. Duration 128 ms by bot id=7692597392
INFO:aiogram.event:Update id=281711286 is handled. Duration 335 ms by bot id=7692597392
INFO:aiogram.event:Update id=281711287 is handled. Duration 178 ms by bot id=7692597392
INFO:aiogram.event:Update id=281711288 is handled. Duration 123 ms by bot id=7692597392
INFO:aiogram.event:Update id=281711289 is handled. Duration 129 ms by bot id=7692597392
INFO:aiogram.event:Update id=281711290 is handled. Duration 374 ms by bot id=7692597392
INFO:aiogram.event:Update id=281711291 is handled. Duration 284 ms by bot id=7692597392
INFO:aiogram.event:Update id=281711292 is handled. Duration 247 ms by bot id=7692597392
INFO:aiogram.event:Update id=281711293 is handled. Duration 131 ms by bot id=7692597392
INFO:aiogram.event:Update id=281711294 is handled. Duration 126 ms by bot id=7692597392
INFO:aiogram.event:Update id=281711295 is handled. Duration 127 ms by bot id=7692597392
INFO:aiogram.event:Update id=281711296 is handled. Duration 216 ms by bot id=7692597392
INFO:aiogram.event:Update id=281711297 is handled. Duration 256 ms by bot id=7692597392
INFO:aiogram.event:Update id=281711298 is handled. Duration 135 ms by bot id=7692597392
INFO:aiogram.event:Update id=281711299 is handled. Duration 130 ms by bot id=7692597392
INFO:aiogram.event:Update id=281711300 is handled. Duration 127 ms by bot id=7692597392
INFO:aiogram.event:Update id=281711301 is handled. Duration 125 ms by bot id=7692597392
INFO:aiogram.event:Update id=281711302 is handled. Duration 164 ms by bot id=7692597392
INFO:aiogram.event:Update id=281711303 is handled. Duration 254 ms by bot id=7692597392
INFO:aiogram.event:Update id=281711304 is handled. Duration 162 ms by bot id=7692597392
INFO:aiogram.event:Update id=281711305 is handled. Duration 130 ms by bot id=7692597392
INFO:aiogram.event:Update id=281711306 is handled. Duration 133 ms by bot id=7692597392
INFO:aiogram.event:Update id=281711307 is handled. Duration 122 ms by bot id=7692597392
INFO:aiogram.event:Update id=281711308 is handled. Duration 125 ms by bot id=7692597392
INFO:aiogram.event:Update id=281711309 is handled. Duration 136 ms by bot id=7692597392
INFO:aiogram.event:Update id=281711310 is handled. Duration 159 ms by bot id=7692597392
INFO:aiogram.event:Update id=281711311 is handled. Duration 162 ms by bot id=7692597392
INFO:aiogram.event:Update id=281711312 is handled. Duration 231 ms by bot id=7692597392
INFO:aiogram.event:Update id=281711313 is handled. Duration 127 ms by bot id=7692597392
INFO:aiogram.event:Update id=281711314 is handled. Duration 169 ms by bot id=7692597392
INFO:aiogram.event:Update id=281711315 is handled. Duration 236 ms by bot id=7692597392
INFO:aiogram.event:Update id=281711316 is not handled. Duration 11 ms by bot id=7692597392
INFO:aiogram.event:Update id=281711317 is handled. Duration 190 ms by bot id=7692597392
INFO:aiogram.event:Update id=281711318 is handled. Duration 271 ms by bot id=7692597392
INFO:aiogram.event:Update id=281711319 is handled. Duration 235 ms by bot id=7692597392
INFO:aiogram.event:Update id=281711320 is handled. Duration 143 ms by bot id=7692597392
INFO:aiogram.event:Update id=281711321 is handled. Duration 135 ms by bot id=7692597392
INFO:aiogram.event:Update id=281711322 is handled. Duration 129 ms by bot id=7692597392
INFO:aiogram.event:Update id=281711323 is handled. Duration 125 ms by bot id=7692597392
INFO:aiogram.event:Update id=281711324 is handled. Duration 175 ms by bot id=7692597392
INFO:aiogram.event:Update id=281711325 is handled. Duration 214 ms by bot id=7692597392
INFO:aiogram.event:Update id=281711326 is handled. Duration 163 ms by bot id=7692597392
INFO:aiogram.event:Update id=281711327 is handled. Duration 258 ms by bot id=7692597392
INFO:aiogram.event:Update id=281711328 is handled. Duration 159 ms by bot id=7692597392
INFO:aiogram.event:Update id=281711329 is handled. Duration 124 ms by bot id=7692597392
INFO:aiogram.event:Update id=281711330 is handled. Duration 133 ms by bot id=7692597392
INFO:aiogram.event:Update id=281711331 is handled. Duration 160 ms by bot id=7692597392
INFO:aiogram.event:Update id=281711332 is handled. Duration 173 ms by bot id=7692597392
INFO:aiogram.event:Update id=281711333 is handled. Duration 127 ms by bot id=7692597392
INFO:aiogram.event:Update id=281711334 is handled. Duration 194 ms by bot id=7692597392
INFO:aiogram.event:Update id=281711335 is handled. Duration 301 ms by bot id=7692597392
INFO:aiogram.event:Update id=281711336 is handled. Duration 118 ms by bot id=7692597392
INFO:aiogram.event:Update id=281711337 is handled. Duration 232 ms by bot id=7692597392
INFO:aiogram.event:Update id=281711338 is handled. Duration 533 ms by bot id=7692597392
INFO:aiogram.event:Update id=281711339 is handled. Duration 194 ms by bot id=7692597392
INFO:aiogram.event:Update id=281711340 is handled. Duration 129 ms by bot id=7692597392
INFO:aiogram.event:Update id=281711341 is handled. Duration 121 ms by bot id=7692597392
INFO:aiogram.event:Update id=281711342 is handled. Duration 126 ms by bot id=7692597392
INFO:aiogram.event:Update id=281711343 is handled. Duration 131 ms by bot id=7692597392
INFO:aiogram.event:Update id=281711344 is handled. Duration 125 ms by bot id=7692597392
INFO:aiogram.event:Update id=281711345 is handled. Duration 132 ms by bot id=7692597392
INFO:aiogram.event:Update id=281711346 is handled. Duration 152 ms by bot id=7692597392
INFO:aiogram.event:Update id=281711347 is handled. Duration 232 ms by bot id=7692597392
INFO:aiogram.event:Update id=281711348 is handled. Duration 202 ms by bot id=7692597392
INFO:aiogram.event:Update id=281711349 is not handled. Duration 18 ms by bot id=7692597392
INFO:aiogram.event:Update id=281711350 is handled. Duration 264 ms by bot id=7692597392
INFO:aiogram.event:Update id=281711351 is handled. Duration 252 ms by bot id=7692597392
INFO:aiogram.event:Update id=281711352 is handled. Duration 237 ms by bot id=7692597392
INFO:aiogram.event:Update id=281711353 is handled. Duration 136 ms by bot id=7692597392
INFO:aiogram.event:Update id=281711354 is handled. Duration 157 ms by bot id=7692597392
INFO:aiogram.event:Update id=281711355 is handled. Duration 326 ms by bot id=7692597392
INFO:aiogram.event:Update id=281711356 is handled. Duration 134 ms by bot id=7692597392
INFO:aiogram.event:Update id=281711357 is handled. Duration 128 ms by bot id=7692597392
INFO:aiogram.event:Update id=281711358 is handled. Duration 155 ms by bot id=7692597392
INFO:aiogram.event:Update id=281711359 is handled. Duration 141 ms by bot id=7692597392
INFO:aiogram.event:Update id=281711360 is handled. Duration 125 ms by bot id=7692597392
INFO:aiogram.event:Update id=281711361 is handled. Duration 137 ms by bot id=7692597392
INFO:aiogram.event:Update id=281711362 is handled. Duration 138 ms by bot id=7692597392
INFO:aiogram.event:Update id=281711363 is handled. Duration 229 ms by bot id=7692597392
INFO:aiogram.event:Update id=281711364 is handled. Duration 204 ms by bot id=7692597392
INFO:aiogram.event:Update id=281711365 is handled. Duration 145 ms by bot id=7692597392
INFO:aiogram.event:Update id=281711366 is handled. Duration 154 ms by bot id=7692597392
INFO:aiogram.event:Update id=281711367 is handled. Duration 164 ms by bot id=7692597392
INFO:aiogram.event:Update id=281711368 is handled. Duration 159 ms by bot id=7692597392
INFO:aiogram.event:Update id=281711369 is handled. Duration 128 ms by bot id=7692597392
INFO:aiogram.event:Update id=281711370 is handled. Duration 315 ms by bot id=7692597392
INFO:aiogram.event:Update id=281711371 is handled. Duration 190 ms by bot id=7692597392
INFO:aiogram.event:Update id=281711372 is handled. Duration 144 ms by bot id=7692597392
INFO:aiogram.event:Update id=281711373 is handled. Duration 132 ms by bot id=7692597392
INFO:aiogram.event:Update id=281711374 is handled. Duration 266 ms by bot id=7692597392
INFO:aiogram.event:Update id=281711375 is handled. Duration 287 ms by bot id=7692597392
INFO:aiogram.event:Update id=281711376 is handled. Duration 195 ms by bot id=7692597392
INFO:aiogram.event:Update id=281711377 is handled. Duration 128 ms by bot id=7692597392
INFO:aiogram.event:Update id=281711378 is handled. Duration 133 ms by bot id=7692597392
INFO:aiogram.event:Update id=281711379 is handled. Duration 134 ms by bot id=7692597392
INFO:aiogram.event:Update id=281711380 is handled. Duration 120 ms by bot id=7692597392
INFO:aiogram.event:Update id=281711381 is handled. Duration 123 ms by bot id=7692597392
INFO:aiogram.event:Update id=281711382 is handled. Duration 137 ms by bot id=7692597392
INFO:aiogram.event:Update id=281711383 is handled. Duration 138 ms by bot id=7692597392
INFO:aiogram.event:Update id=281711384 is handled. Duration 125 ms by bot id=7692597392
INFO:aiogram.event:Update id=281711385 is handled. Duration 444 ms by bot id=7692597392
INFO:aiogram.event:Update id=281711386 is handled. Duration 135 ms by bot id=7692597392
INFO:aiogram.event:Update id=281711387 is handled. Duration 123 ms by bot id=7692597392
INFO:aiogram.event:Update id=281711388 is handled. Duration 123 ms by bot id=7692597392
INFO:aiogram.event:Update id=281711389 is handled. Duration 144 ms by bot id=7692597392
INFO:aiogram.event:Update id=281711390 is handled. Duration 130 ms by bot id=7692597392
INFO:aiogram.event:Update id=281711391 is handled. Duration 125 ms by bot id=7692597392
INFO:aiogram.event:Update id=281711392 is handled. Duration 135 ms by bot id=7692597392
INFO:aiogram.event:Update id=281711393 is handled. Duration 129 ms by bot id=7692597392
INFO:aiogram.event:Update id=281711394 is handled. Duration 137 ms by bot id=7692597392
INFO:aiogram.event:Update id=281711395 is handled. Duration 132 ms by bot id=7692597392
INFO:aiogram.event:Update id=281711396 is not handled. Duration 18 ms by bot id=7692597392
INFO:aiogram.event:Update id=281711397 is handled. Duration 237 ms by bot id=7692597392
INFO:aiogram.event:Update id=281711398 is handled. Duration 476 ms by bot id=7692597392
INFO:aiogram.event:Update id=281711399 is handled. Duration 238 ms by bot id=7692597392
INFO:aiogram.event:Update id=281711400 is handled. Duration 227 ms by bot id=7692597392
INFO:aiogram.event:Update id=281711401 is handled. Duration 137 ms by bot id=7692597392
INFO:aiogram.event:Update id=281711402 is handled. Duration 124 ms by bot id=7692597392
INFO:aiogram.event:Update id=281711403 is handled. Duration 167 ms by bot id=7692597392
INFO:aiogram.event:Update id=281711404 is handled. Duration 130 ms by bot id=7692597392
INFO:aiogram.event:Update id=281711405 is handled. Duration 138 ms by bot id=7692597392
INFO:aiogram.event:Update id=281711406 is handled. Duration 128 ms by bot id=7692597392
INFO:aiogram.event:Update id=281711407 is handled. Duration 121 ms by bot id=7692597392
INFO:aiogram.event:Update id=281711408 is handled. Duration 133 ms by bot id=7692597392
INFO:aiogram.event:Update id=281711409 is handled. Duration 123 ms by bot id=7692597392
INFO:aiogram.event:Update id=281711410 is handled. Duration 130 ms by bot id=7692597392
INFO:aiogram.event:Update id=281711411 is handled. Duration 243 ms by bot id=7692597392
INFO:aiogram.event:Update id=281711412 is handled. Duration 391 ms by bot id=7692597392
INFO:aiogram.event:Update id=281711413 is handled. Duration 634 ms by bot id=7692597392
INFO:aiogram.event:Update id=281711414 is handled. Duration 777 ms by bot id=7692597392
INFO:aiogram.event:Update id=281711415 is handled. Duration 349 ms by bot id=7692597392
INFO:aiogram.event:Update id=281711416 is handled. Duration 339 ms by bot id=7692597392
INFO:aiogram.event:Update id=281711417 is handled. Duration 340 ms by bot id=7692597392
INFO:aiogram.event:Update id=281711418 is handled. Duration 375 ms by bot id=7692597392
INFO:aiogram.event:Update id=281711419 is handled. Duration 439 ms by bot id=7692597392
INFO:aiogram.event:Update id=281711420 is handled. Duration 394 ms by bot id=7692597392
INFO:aiogram.event:Update id=281711421 is handled. Duration 377 ms by bot id=7692597392
INFO:aiogram.event:Update id=281711422 is handled. Duration 373 ms by bot id=7692597392
INFO:aiogram.event:Update id=281711423 is handled. Duration 380 ms by bot id=7692597392
INFO:aiogram.event:Update id=281711424 is handled. Duration 351 ms by bot id=7692597392
INFO:aiogram.event:Update id=281711425 is handled. Duration 621 ms by bot id=7692597392
INFO:aiogram.event:Update id=281711426 is handled. Duration 673 ms by bot id=7692597392
INFO:aiogram.event:Update id=281711427 is handled. Duration 341 ms by bot id=7692597392
INFO:aiogram.event:Update id=281711428 is handled. Duration 683 ms by bot id=7692597392
INFO:aiogram.event:Update id=281711429 is handled. Duration 383 ms by bot id=7692597392
INFO:aiogram.event:Update id=281711430 is handled. Duration 801 ms by bot id=7692597392
INFO:aiogram.event:Update id=281711431 is handled. Duration 344 ms by bot id=7692597392
INFO:aiogram.event:Update id=281711432 is handled. Duration 379 ms by bot id=7692597392
INFO:aiogram.event:Update id=281711433 is handled. Duration 327 ms by bot id=7692597392
INFO:aiogram.event:Update id=281711434 is handled. Duration 525 ms by bot id=7692597392
INFO:aiogram.event:Update id=281711435 is handled. Duration 344 ms by bot id=7692597392
INFO:aiogram.event:Update id=281711436 is handled. Duration 385 ms by bot id=7692597392
INFO:aiogram.event:Update id=281711437 is handled. Duration 583 ms by bot id=7692597392
INFO:aiogram.event:Update id=281711438 is handled. Duration 513 ms by bot id=7692597392
INFO:aiogram.event:Update id=281711439 is handled. Duration 659 ms by bot id=7692597392
INFO:aiogram.event:Update id=281711440 is handled. Duration 455 ms by bot id=7692597392
INFO:aiogram.event:Update id=281711441 is handled. Duration 353 ms by bot id=7692597392
INFO:aiogram.event:Update id=281711442 is handled. Duration 370 ms by bot id=7692597392
INFO:aiogram.event:Update id=281711443 is handled. Duration 395 ms by bot id=7692597392
INFO:aiogram.event:Update id=281711444 is handled. Duration 441 ms by bot id=7692597392
INFO:aiogram.event:Update id=281711445 is handled. Duration 420 ms by bot id=7692597392
INFO:aiogram.event:Update id=281711446 is handled. Duration 518 ms by bot id=7692597392
INFO:aiogram.event:Update id=281711447 is handled. Duration 614 ms by bot id=7692597392
INFO:aiogram.event:Update id=281711448 is handled. Duration 462 ms by bot id=7692597392
INFO:aiogram.event:Update id=281711449 is handled. Duration 334 ms by bot id=7692597392
INFO:aiogram.event:Update id=281711450 is handled. Duration 354 ms by bot id=7692597392
INFO:aiogram.event:Update id=281711451 is handled. Duration 331 ms by bot id=7692597392
INFO:aiogram.event:Update id=281711452 is handled. Duration 354 ms by bot id=7692597392
INFO:aiogram.event:Update id=281711453 is handled. Duration 363 ms by bot id=7692597392
INFO:aiogram.event:Update id=281711454 is handled. Duration 399 ms by bot id=7692597392
INFO:aiogram.event:Update id=281711455 is handled. Duration 606 ms by bot id=7692597392
INFO:aiogram.event:Update id=281711456 is handled. Duration 352 ms by bot id=7692597392
INFO:aiogram.event:Update id=281711457 is handled. Duration 409 ms by bot id=7692597392
INFO:aiogram.event:Update id=281711458 is handled. Duration 366 ms by bot id=7692597392
INFO:aiogram.event:Update id=281711459 is handled. Duration 393 ms by bot id=7692597392
INFO:aiogram.event:Update id=281711460 is handled. Duration 815 ms by bot id=7692597392
INFO:aiogram.event:Update id=281711461 is handled. Duration 347 ms by bot id=7692597392
INFO:aiogram.event:Update id=281711462 is handled. Duration 442 ms by bot id=7692597392
INFO:aiogram.event:Update id=281711463 is handled. Duration 255 ms by bot id=7692597392
INFO:aiogram.event:Update id=281711464 is handled. Duration 325 ms by bot id=7692597392
INFO:aiogram.event:Update id=281711465 is handled. Duration 495 ms by bot id=7692597392
ERROR:aiogram.dispatcher:Failed to fetch updates - TelegramNetworkError: HTTP Client says - Request timeout error
WARNING:aiogram.dispatcher:Sleep for 1.000000 seconds and try again... (tryings = 0, bot id = 7692597392)
ERROR:aiogram.dispatcher:Failed to fetch updates - TelegramNetworkError: HTTP Client says - Request timeout error
WARNING:aiogram.dispatcher:Sleep for 1.433908 seconds and try again... (tryings = 1, bot id = 7692597392)
ERROR:aiogram.dispatcher:Failed to fetch updates - TelegramNetworkError: HTTP Client says - Request timeout error
WARNING:aiogram.dispatcher:Sleep for 1.711159 seconds and try again... (tryings = 2, bot id = 7692597392)
ERROR:aiogram.dispatcher:Failed to fetch updates - TelegramNetworkError: HTTP Client says - Request timeout error
WARNING:aiogram.dispatcher:Sleep for 2.313029 seconds and try again... (tryings = 3, bot id = 7692597392)
ERROR:aiogram.dispatcher:Failed to fetch updates - TelegramNetworkError: HTTP Client says - Request timeout error
WARNING:aiogram.dispatcher:Sleep for 2.911550 seconds and try again... (tryings = 4, bot id = 7692597392)
INFO:aiogram.dispatcher:Connection established (tryings = 5, bot id = 7692597392)
INFO:aiogram.event:Update id=281711466 is handled. Duration 447 ms by bot id=7692597392
INFO:aiogram.event:Update id=281711467 is handled. Duration 277 ms by bot id=7692597392
INFO:aiogram.event:Update id=281711468 is handled. Duration 398 ms by bot id=7692597392
INFO:aiogram.event:Update id=281711469 is handled. Duration 287 ms by bot id=7692597392
INFO:aiogram.event:Update id=281711470 is handled. Duration 251 ms by bot id=7692597392
INFO:aiogram.event:Update id=281711471 is handled. Duration 305 ms by bot id=7692597392
INFO:aiogram.event:Update id=281711472 is handled. Duration 536 ms by bot id=7692597392
INFO:aiogram.event:Update id=281711473 is handled. Duration 255 ms by bot id=7692597392
INFO:aiogram.event:Update id=281711474 is handled. Duration 298 ms by bot id=7692597392
INFO:aiogram.event:Update id=281711475 is handled. Duration 271 ms by bot id=7692597392
INFO:aiogram.event:Update id=281711476 is handled. Duration 325 ms by bot id=7692597392
INFO:aiogram.event:Update id=281711477 is handled. Duration 238 ms by bot id=7692597392
INFO:aiogram.event:Update id=281711478 is handled. Duration 273 ms by bot id=7692597392
INFO:aiogram.event:Update id=281711479 is handled. Duration 143 ms by bot id=7692597392
INFO:aiogram.event:Update id=281711480 is handled. Duration 137 ms by bot id=7692597392
INFO:aiogram.event:Update id=281711481 is handled. Duration 180 ms by bot id=7692597392
INFO:aiogram.event:Update id=281711482 is handled. Duration 154 ms by bot id=7692597392
INFO:aiogram.event:Update id=281711483 is handled. Duration 142 ms by bot id=7692597392
INFO:aiogram.event:Update id=281711484 is handled. Duration 140 ms by bot id=7692597392
INFO:aiogram.event:Update id=281711485 is handled. Duration 125 ms by bot id=7692597392
INFO:aiogram.event:Update id=281711486 is handled. Duration 133 ms by bot id=7692597392
INFO:aiogram.event:Update id=281711487 is handled. Duration 130 ms by bot id=7692597392
INFO:aiogram.event:Update id=281711488 is handled. Duration 136 ms by bot id=7692597392
INFO:aiogram.event:Update id=281711489 is handled. Duration 220 ms by bot id=7692597392
INFO:aiogram.event:Update id=281711490 is handled. Duration 212 ms by bot id=7692597392
INFO:aiogram.event:Update id=281711491 is handled. Duration 126 ms by bot id=7692597392
INFO:aiogram.event:Update id=281711492 is handled. Duration 133 ms by bot id=7692597392
INFO:aiogram.event:Update id=281711493 is handled. Duration 125 ms by bot id=7692597392
INFO:aiogram.event:Update id=281711494 is handled. Duration 131 ms by bot id=7692597392
INFO:aiogram.event:Update id=281711495 is handled. Duration 139 ms by bot id=7692597392
INFO:aiogram.event:Update id=281711496 is handled. Duration 141 ms by bot id=7692597392
INFO:aiogram.event:Update id=281711497 is handled. Duration 472 ms by bot id=7692597392
INFO:aiogram.event:Update id=281711498 is handled. Duration 143 ms by bot id=7692597392
INFO:aiogram.event:Update id=281711499 is handled. Duration 198 ms by bot id=7692597392
INFO:aiogram.event:Update id=281711500 is handled. Duration 448 ms by bot id=7692597392
INFO:aiogram.event:Update id=281711501 is handled. Duration 303 ms by bot id=7692597392
INFO:aiogram.event:Update id=281711502 is handled. Duration 235 ms by bot id=7692597392
INFO:aiogram.event:Update id=281711503 is handled. Duration 217 ms by bot id=7692597392
INFO:aiogram.event:Update id=281711504 is handled. Duration 339 ms by bot id=7692597392
INFO:aiogram.event:Update id=281711505 is handled. Duration 415 ms by bot id=7692597392
INFO:aiogram.event:Update id=281711506 is handled. Duration 333 ms by bot id=7692597392
INFO:aiogram.event:Update id=281711507 is handled. Duration 254 ms by bot id=7692597392
INFO:aiogram.event:Update id=281711508 is handled. Duration 147 ms by bot id=7692597392
INFO:aiogram.event:Update id=281711509 is handled. Duration 135 ms by bot id=7692597392
INFO:aiogram.event:Update id=281711510 is handled. Duration 128 ms by bot id=7692597392
INFO:aiogram.event:Update id=281711511 is handled. Duration 128 ms by bot id=7692597392
INFO:aiogram.event:Update id=281711512 is handled. Duration 124 ms by bot id=7692597392
INFO:aiogram.event:Update id=281711513 is handled. Duration 135 ms by bot id=7692597392
INFO:aiogram.event:Update id=281711514 is handled. Duration 126 ms by bot id=7692597392
INFO:aiogram.event:Update id=281711515 is handled. Duration 129 ms by bot id=7692597392
INFO:aiogram.event:Update id=281711516 is handled. Duration 125 ms by bot id=7692597392
INFO:aiogram.event:Update id=281711517 is handled. Duration 129 ms by bot id=7692597392
INFO:aiogram.event:Update id=281711518 is handled. Duration 365 ms by bot id=7692597392
INFO:aiogram.event:Update id=281711519 is handled. Duration 554 ms by bot id=7692597392
INFO:aiogram.event:Update id=281711520 is handled. Duration 375 ms by bot id=7692597392
INFO:aiogram.event:Update id=281711521 is handled. Duration 326 ms by bot id=7692597392
INFO:aiogram.event:Update id=281711522 is handled. Duration 370 ms by bot id=7692597392
INFO:aiogram.event:Update id=281711523 is handled. Duration 588 ms by bot id=7692597392
INFO:aiogram.event:Update id=281711524 is handled. Duration 571 ms by bot id=7692597392
INFO:aiogram.event:Update id=281711525 is handled. Duration 352 ms by bot id=7692597392
INFO:aiogram.event:Update id=281711526 is handled. Duration 330 ms by bot id=7692597392
INFO:aiogram.event:Update id=281711527 is handled. Duration 502 ms by bot id=7692597392
INFO:aiogram.event:Update id=281711528 is handled. Duration 377 ms by bot id=7692597392
INFO:aiogram.event:Update id=281711529 is handled. Duration 348 ms by bot id=7692597392
INFO:aiogram.event:Update id=281711530 is handled. Duration 342 ms by bot id=7692597392
INFO:aiogram.event:Update id=281711531 is handled. Duration 349 ms by bot id=7692597392
INFO:aiogram.event:Update id=281711532 is handled. Duration 397 ms by bot id=7692597392
INFO:aiogram.event:Update id=281711533 is handled. Duration 729 ms by bot id=7692597392
INFO:aiogram.event:Update id=281711534 is handled. Duration 336 ms by bot id=7692597392
INFO:aiogram.event:Update id=281711535 is handled. Duration 346 ms by bot id=7692597392
INFO:aiogram.event:Update id=281711536 is handled. Duration 349 ms by bot id=7692597392
INFO:aiogram.event:Update id=281711537 is handled. Duration 328 ms by bot id=7692597392
INFO:aiogram.event:Update id=281711538 is handled. Duration 339 ms by bot id=7692597392
INFO:aiogram.event:Update id=281711539 is handled. Duration 393 ms by bot id=7692597392
INFO:aiogram.event:Update id=281711540 is handled. Duration 434 ms by bot id=7692597392
INFO:aiogram.event:Update id=281711541 is handled. Duration 335 ms by bot id=7692597392
INFO:aiogram.event:Update id=281711542 is handled. Duration 452 ms by bot id=7692597392
INFO:aiogram.event:Update id=281711543 is handled. Duration 254 ms by bot id=7692597392
INFO:aiogram.event:Update id=281711544 is handled. Duration 383 ms by bot id=7692597392
INFO:aiogram.event:Update id=281711545 is handled. Duration 243 ms by bot id=7692597392
